<?xml version="1.0" encoding="UTF-8"?>
<!-- Generated by org.testng.reporters.JUnitReportReporter -->
<testsuite hostname="DESKTOP-V0QJPPO" failures="0" tests="9" name="RegistrationTest" time="36.635" errors="0" timestamp="2020-05-07T16:42:46 CEST" skipped="0">
  <testcase classname="RegistrationTest" name="openSignUpPageTest" time="6.013"/>
  <system-out/>
  <testcase classname="RegistrationTest" name="inputNameTest" time="0.246"/>
  <system-out/>
  <testcase classname="RegistrationTest" name="inputEmailTest" time="0.178"/>
  <system-out/>
  <testcase classname="RegistrationTest" name="inputPassTest" time="0.188"/>
  <system-out/>
  <testcase classname="RegistrationTest" name="inputConfirmPassTest" time="0.177"/>
  <system-out/>
  <testcase classname="RegistrationTest" name="selectAboutOptionTest" time="8.809"/>
  <system-out/>
  <testcase classname="RegistrationTest" name="constructorTest" time="2.840"/>
  <system-out/>
  <testcase classname="RegistrationTest" name="sumbitTest" time="12.640"/>
  <system-out/>
  <testcase classname="RegistrationTest" name="signOutTest" time="5.544"/>
  <system-out/>
</testsuite> <!-- RegistrationTest -->
