<?xml version="1.0" encoding="UTF-8"?>
<!-- Generated by org.testng.reporters.JUnitReportReporter -->
<testsuite hostname="DESKTOP-V0QJPPO" failures="0" tests="5" name="products.ProductsTest" time="72.100" errors="0" timestamp="2020-05-12T21:36:24 CEST" skipped="0">
  <testcase classname="products.ProductsTest" name="Add5ProductsTest" time="53.526"/>
  <system-out/>
  <testcase classname="products.ProductsTest" name="openEditPageTest" time="5.693"/>
  <system-out/>
  <testcase classname="products.ProductsTest" name="increasePricesTest" time="0.632"/>
  <system-out/>
  <testcase classname="products.ProductsTest" name="saveChangesTest" time="2.784"/>
  <system-out/>
  <testcase classname="products.ProductsTest" name="DeleteAllProductsTest" time="9.465"/>
  <system-out/>
</testsuite> <!-- products.ProductsTest -->
