<?xml version="1.0" encoding="UTF-8"?>
<!-- Generated by org.testng.reporters.JUnitReportReporter -->
<testsuite hostname="DESKTOP-V0QJPPO" failures="0" tests="1" name="products.AddProducts" time="59.969" errors="0" timestamp="2020-05-11T20:48:29 CEST" skipped="0">
  <testcase classname="products.AddProducts" name="Add5ProductsTest" time="59.969"/>
  <system-out/>
</testsuite> <!-- products.AddProducts -->
