<?xml version="1.0" encoding="UTF-8"?>
<!-- Generated by org.testng.reporters.JUnitReportReporter -->
<testsuite hostname="DESKTOP-V0QJPPO" failures="0" tests="1" name="login.LogUnregisteredUserTest" time="3.010" errors="0" timestamp="2020-05-12T21:36:24 CEST" skipped="0">
  <testcase classname="login.LogUnregisteredUserTest" name="UnRegLogTest" time="3.010"/>
  <system-out/>
</testsuite> <!-- login.LogUnregisteredUserTest -->
