<?xml version="1.0" encoding="UTF-8"?>
<!-- Generated by org.testng.reporters.JUnitReportReporter -->
<testsuite hostname="DESKTOP-V0QJPPO" failures="0" tests="4" name="login.LogInUserTest" time="11.264" errors="0" timestamp="2020-05-12T21:36:24 CEST" skipped="0">
  <testcase classname="login.LogInUserTest" name="inputNameTest" time="0.133"/>
  <system-out/>
  <testcase classname="login.LogInUserTest" name="inputPassTest" time="0.114"/>
  <system-out/>
  <testcase classname="login.LogInUserTest" name="submitTest" time="7.320"/>
  <system-out/>
  <testcase classname="login.LogInUserTest" name="signOutTest" time="3.697"/>
  <system-out/>
</testsuite> <!-- login.LogInUserTest -->
