<?xml version="1.0" encoding="UTF-8"?>
<!-- Generated by org.testng.reporters.JUnitReportReporter -->
<testsuite hostname="DESKTOP-V0QJPPO" failures="0" tests="4" name="test.CalculatorTest" time="0.035" errors="0" timestamp="2020-05-17T18:43:14 CEST" skipped="0">
  <testcase classname="test.CalculatorTest" name="setTest" time="0.011"/>
  <system-out/>
  <testcase classname="test.CalculatorTest" name="addTest" time="0.012"/>
  <system-out/>
  <testcase classname="test.CalculatorTest" name="getTest" time="0.003"/>
  <system-out/>
  <testcase classname="test.CalculatorTest" name="divTest" time="0.009"/>
  <system-out/>
</testsuite> <!-- test.CalculatorTest -->
